<?xml version="1.0" encoding="UTF-8"?>
<testng-results ignored="0" total="1" passed="1" failed="0" skipped="0">
  <reporter-output>
  </reporter-output>
  <suite started-at="2025-02-25T18:55:33Z" name="Default suite" finished-at="2025-02-25T18:55:35Z" duration-ms="1209">
    <groups>
    </groups>
    <test started-at="2025-02-25T18:55:33Z" name="Default test" finished-at="2025-02-25T18:55:35Z" duration-ms="1209">
      <class name="LoginFreeCRM.Logintest">
        <test-method is-config="true" signature="setup()[pri:0, instance:LoginFreeCRM.Logintest@4de41af9]" started-at="2025-02-25T10:55:33Z" name="setup" finished-at="2025-02-25T10:55:34Z" duration-ms="840" status="PASS">
          <reporter-output>
          </reporter-output>
        </test-method> <!-- setup -->
        <test-method signature="clickonlogin()[pri:0, instance:LoginFreeCRM.Logintest@4de41af9]" started-at="2025-02-25T10:55:34Z" name="clickonlogin" finished-at="2025-02-25T10:55:35Z" duration-ms="246" status="PASS">
          <reporter-output>
          </reporter-output>
        </test-method> <!-- clickonlogin -->
        <test-method is-config="true" signature="tearDown()[pri:0, instance:LoginFreeCRM.Logintest@4de41af9]" started-at="2025-02-25T10:55:35Z" name="tearDown" finished-at="2025-02-25T10:55:35Z" duration-ms="112" status="PASS">
          <reporter-output>
          </reporter-output>
        </test-method> <!-- tearDown -->
      </class> <!-- LoginFreeCRM.Logintest -->
    </test> <!-- Default test -->
  </suite> <!-- Default suite -->
</testng-results>
